<?xml version="1.0" encoding="UTF-8"?>
<!-- Generated by org.testng.reporters.JUnitReportReporter -->
<testsuite skipped="0" hostname="DESKTOP-CAROL" name="SearchKeywordParameter" tests="2" failures="0" timestamp="17 二月 2019 08:18:37 GMT" time="17.037" errors="0">
  <testcase name="test" time="9.499" classname="SearchKeywordParameter"/>
  <testcase name="test" time="7.538" classname="SearchKeywordParameter"/>
</testsuite> <!-- SearchKeywordParameter -->
